TpTrace Verbose: 0 : 89512, 1, 2025/02/28, 11:13:01.647, 3226599507122, datacollector.dll, Version: 17.10.0-release-24203-04
TpTrace Information: 0 : 89512, 1, 2025/02/28, 11:13:01.652, 3226599556731, datacollector.dll, DataCollectorMain.Run: Starting data collector run with args: --port,55852,--parentprocessid,90936,--diag,D:\учеба\6 семестр\Тестирование\TestLab1\bin\Debug\net8.0\fine-code-coverage\coverage-tool-output\diagnostics.datacollector.25-02-28_11-13-01_48136_5.log,--tracelevel,4
TpTrace Information: 0 : 89512, 1, 2025/02/28, 11:13:01.652, 3226599557898, datacollector.dll, DataCollector: Monitoring parent process with id: '90936'
TpTrace Information: 0 : 89512, 1, 2025/02/28, 11:13:01.660, 3226599640171, datacollector.dll, Trying to connect to server on socket : 127.0.0.1:55852 
TpTrace Verbose: 0 : 89512, 1, 2025/02/28, 11:13:01.667, 3226599705582, datacollector.dll, SocketCommunicationManager : SetupClientAsync : Attempting to connect to the server.
TpTrace Information: 0 : 89512, 8, 2025/02/28, 11:13:01.675, 3226599786430, datacollector.dll, Connected to the server successfully 
TpTrace Information: 0 : 89512, 8, 2025/02/28, 11:13:01.675, 3226599787207, datacollector.dll, Using the buffer size of 16384 bytes
TpTrace Information: 0 : 89512, 1, 2025/02/28, 11:13:01.723, 3226600270878, datacollector.dll, DataCollector: Start Request Processing.
TpTrace Verbose: 0 : 89512, 1, 2025/02/28, 11:13:01.723, 3226600273308, datacollector.dll, SocketCommunicationManager.WaitForServerConnection took: 0 ms, with 90000 ms timeout, and finished with True.
TpTrace Information: 0 : 89512, 1, 2025/02/28, 11:13:01.724, 3226600275939, datacollector.dll, DataCollectionRequestHandler.ProcessRequests: Datacollector received message: (DataCollection.BeforeTestRunStart) -> {"MessageType":"DataCollection.BeforeTestRunStart","Payload":{"SettingsXml":"<RunSettings><RunConfiguration><ResultsDirectory>D:\\учеба\\6 семестр\\Тестирование\\TestLab1\\bin\\Debug\\net8.0\\fine-code-coverage\\coverage-tool-output</ResultsDirectory><TargetPlatform>X64</TargetPlatform><TargetFrameworkVersion>.NETCoreApp,Version=v8.0</TargetFrameworkVersion><DesignMode>False</DesignMode><CollectSourceInformation>False</CollectSourceInformation><TestAdaptersPaths>C:\\Program Files\\dotnet\\sdk\\8.0.302\\Extensions</TestAdaptersPaths></RunConfiguration><LoggerRunSettings><Loggers><Logger friendlyName=\"blame\" enabled=\"True\" /><Logger friendlyName=\"Console\" uri=\"logger://microsoft/TestPlatform/ConsoleLogger/v1\" assemblyQualifiedName=\"Microsoft.VisualStudio.TestPlatform.CommandLine.Internal.ConsoleLogger, vstest.console, Version=15.0.0.0, Culture=neutral, PublicKeyToken=b03f5f7f11d50a3a\" codeBase=\"C:\\Program Files\\dotnet\\sdk\\8.0.302\\vstest.console.dll\" enabled=\"True\" /></Loggers></LoggerRunSettings><DataCollectionRunSettings><DataCollectors><DataCollector friendlyName=\"blame\" enabled=\"True\"><Configuration><ResultsDirectory>D:\\учеба\\6 семестр\\Тестирование\\TestLab1\\bin\\Debug\\net8.0\\fine-code-coverage\\coverage-tool-output</ResultsDirectory></Configuration></DataCollector></DataCollectors></DataCollectionRunSettings></RunSettings>","Sources":["D:\\учеба\\6 семестр\\Тестирование\\TestLab1\\bin\\Debug\\net8.0\\fine-code-coverage\\build-output\\TestLab1.dll"],"IsTelemetryOptedIn":false}}
TpTrace Verbose: 0 : 89512, 1, 2025/02/28, 11:13:01.761, 3226600652429, datacollector.dll, TestPluginCache: Update extensions started. Skip filter = False
TpTrace Verbose: 0 : 89512, 1, 2025/02/28, 11:13:01.762, 3226600660390, datacollector.dll, TestPluginCache: Using directories for assembly resolution 'C:\Program Files\dotnet\sdk\8.0.302\Extensions'.
TpTrace Verbose: 0 : 89512, 1, 2025/02/28, 11:13:01.762, 3226600661087, datacollector.dll, TestPluginCache: Updated the available extensions to 'C:\Program Files\dotnet\sdk\8.0.302\Extensions\Microsoft.TestPlatform.Extensions.BlameDataCollector.dll,C:\Program Files\dotnet\sdk\8.0.302\Extensions\Microsoft.TestPlatform.Extensions.EventLogCollector.dll'.
TpTrace Verbose: 0 : 89512, 1, 2025/02/28, 11:13:01.767, 3226600709326, datacollector.dll, TestPluginCache.DiscoverTestExtensions: finding test extensions in assemblies ends with: Collector.dll TPluginInfo: Microsoft.VisualStudio.TestPlatform.Common.DataCollector.DataCollectorConfig TExtension: Microsoft.VisualStudio.TestPlatform.ObjectModel.DataCollection.DataCollector
TpTrace Verbose: 0 : 89512, 1, 2025/02/28, 11:13:01.769, 3226600730249, datacollector.dll, TestPluginCache.GetExtensionPaths: Filtered extension paths: C:\Program Files\dotnet\sdk\8.0.302\Extensions\Microsoft.TestPlatform.Extensions.BlameDataCollector.dll
C:\Program Files\dotnet\sdk\8.0.302\Extensions\Microsoft.TestPlatform.Extensions.EventLogCollector.dll
TpTrace Verbose: 0 : 89512, 1, 2025/02/28, 11:13:01.769, 3226600730885, datacollector.dll, TestPluginCache.GetExtensionPaths: Added default extension paths: 
TpTrace Verbose: 0 : 89512, 1, 2025/02/28, 11:13:01.769, 3226600731224, datacollector.dll, TestPluginCache.GetExtensionPaths: Added unfilterableExtensionPaths: 
TpTrace Information: 0 : 89512, 1, 2025/02/28, 11:13:01.770, 3226600737055, datacollector.dll, AssemblyResolver.ctor: Creating AssemblyResolver with searchDirectories C:\Program Files\dotnet\sdk\8.0.302\Extensions,C:\Program Files\dotnet\sdk\8.0.302
TpTrace Verbose: 0 : 89512, 1, 2025/02/28, 11:13:01.771, 3226600744498, datacollector.dll, TestPluginCache.DiscoverTestExtensions: Discovering the extensions using extension path.
TpTrace Verbose: 0 : 89512, 1, 2025/02/28, 11:13:01.771, 3226600746281, datacollector.dll, TestPluginCache.GetExtensionPaths: Filtered extension paths: C:\Program Files\dotnet\sdk\8.0.302\Extensions\Microsoft.TestPlatform.Extensions.BlameDataCollector.dll
C:\Program Files\dotnet\sdk\8.0.302\Extensions\Microsoft.TestPlatform.Extensions.EventLogCollector.dll
TpTrace Verbose: 0 : 89512, 1, 2025/02/28, 11:13:01.771, 3226600746711, datacollector.dll, TestPluginCache.GetExtensionPaths: Added default extension paths: 
TpTrace Verbose: 0 : 89512, 1, 2025/02/28, 11:13:01.771, 3226600746949, datacollector.dll, TestPluginCache.GetExtensionPaths: Added unfilterableExtensionPaths: 
TpTrace Verbose: 0 : 89512, 1, 2025/02/28, 11:13:01.771, 3226600747354, datacollector.dll, TestPluginCache.DiscoverTestExtensions: Discovering the extensions using allExtensionPaths: C:\Program Files\dotnet\sdk\8.0.302\Extensions\Microsoft.TestPlatform.Extensions.BlameDataCollector.dll
C:\Program Files\dotnet\sdk\8.0.302\Extensions\Microsoft.TestPlatform.Extensions.EventLogCollector.dll
TpTrace Information: 0 : 89512, 1, 2025/02/28, 11:13:01.771, 3226600748274, datacollector.dll, AssemblyResolver.AddSearchDirectories: Adding more searchDirectories C:\Program Files\dotnet\sdk\8.0.302\Extensions,C:\Program Files\dotnet\sdk\8.0.302
TpTrace Information: 0 : 89512, 1, 2025/02/28, 11:13:01.771, 3226600748813, datacollector.dll, AssemblyResolver.AddSearchDirectories: Adding more searchDirectories C:\Program Files\dotnet\sdk\8.0.302\Extensions,C:\Program Files\dotnet\sdk\8.0.302
TpTrace Information: 0 : 89512, 1, 2025/02/28, 11:13:01.771, 3226600751925, datacollector.dll, AssemblyResolver.OnResolve: Microsoft.TestPlatform.Extensions.BlameDataCollector: Resolving assembly.
TpTrace Information: 0 : 89512, 1, 2025/02/28, 11:13:01.771, 3226600752858, datacollector.dll, AssemblyResolver.OnResolve: Microsoft.TestPlatform.Extensions.BlameDataCollector: Searching in: 'C:\Program Files\dotnet\sdk\8.0.302\Extensions'.
TpTrace Information: 0 : 89512, 1, 2025/02/28, 11:13:01.780, 3226600835964, datacollector.dll, AssemblyResolver.OnResolve: Microsoft.TestPlatform.Extensions.BlameDataCollector: Loading assembly 'C:\Program Files\dotnet\sdk\8.0.302\Extensions\Microsoft.TestPlatform.Extensions.BlameDataCollector.dll'.
TpTrace Information: 0 : 89512, 1, 2025/02/28, 11:13:01.780, 3226600843837, datacollector.dll, AssemblyResolver.OnResolve: Resolved assembly: Microsoft.TestPlatform.Extensions.BlameDataCollector, from path: C:\Program Files\dotnet\sdk\8.0.302\Extensions\Microsoft.TestPlatform.Extensions.BlameDataCollector.dll
TpTrace Verbose: 0 : 89512, 1, 2025/02/28, 11:13:01.786, 3226600899466, datacollector.dll, MetadataReaderExtensionsHelper: Discovering extensions inside assembly 'Microsoft.TestPlatform.Extensions.BlameDataCollector, Version=15.0.0.0, Culture=neutral, PublicKeyToken=b03f5f7f11d50a3a' file path 'C:\Program Files\dotnet\sdk\8.0.302\Extensions\Microsoft.TestPlatform.Extensions.BlameDataCollector.dll'
TpTrace Error: 0 : 89512, 1, 2025/02/28, 11:13:01.788, 3226600921603, datacollector.dll, The type "Microsoft.TestPlatform.Extensions.BlameDataCollector.BlameCollector" defined in "Microsoft.TestPlatform.Extensions.BlameDataCollector.dll" does not have ExtensionUri attribute.
TpTrace Information: 0 : 89512, 1, 2025/02/28, 11:13:01.792, 3226600954979, datacollector.dll, GetTestExtensionFromType: Register extension with identifier data 'datacollector://microsoft/TestPlatform/Extensions/Blame/v1' and type 'Microsoft.TestPlatform.Extensions.BlameDataCollector.BlameCollector, Microsoft.TestPlatform.Extensions.BlameDataCollector, Version=15.0.0.0, Culture=neutral, PublicKeyToken=b03f5f7f11d50a3a' inside file 'C:\Program Files\dotnet\sdk\8.0.302\Extensions\Microsoft.TestPlatform.Extensions.BlameDataCollector.dll'
TpTrace Information: 0 : 89512, 1, 2025/02/28, 11:13:01.792, 3226600956388, datacollector.dll, AssemblyResolver.OnResolve: Microsoft.TestPlatform.Extensions.EventLogCollector: Resolving assembly.
TpTrace Information: 0 : 89512, 1, 2025/02/28, 11:13:01.792, 3226600957227, datacollector.dll, AssemblyResolver.OnResolve: Microsoft.TestPlatform.Extensions.EventLogCollector: Searching in: 'C:\Program Files\dotnet\sdk\8.0.302\Extensions'.
TpTrace Information: 0 : 89512, 1, 2025/02/28, 11:13:01.792, 3226600960665, datacollector.dll, AssemblyResolver.OnResolve: Microsoft.TestPlatform.Extensions.EventLogCollector: Loading assembly 'C:\Program Files\dotnet\sdk\8.0.302\Extensions\Microsoft.TestPlatform.Extensions.EventLogCollector.dll'.
TpTrace Information: 0 : 89512, 1, 2025/02/28, 11:13:01.793, 3226600964607, datacollector.dll, AssemblyResolver.OnResolve: Resolved assembly: Microsoft.TestPlatform.Extensions.EventLogCollector, from path: C:\Program Files\dotnet\sdk\8.0.302\Extensions\Microsoft.TestPlatform.Extensions.EventLogCollector.dll
TpTrace Verbose: 0 : 89512, 1, 2025/02/28, 11:13:01.793, 3226600965448, datacollector.dll, MetadataReaderExtensionsHelper: Discovering extensions inside assembly 'Microsoft.TestPlatform.Extensions.EventLogCollector, Version=15.0.0.0, Culture=neutral, PublicKeyToken=b03f5f7f11d50a3a' file path 'C:\Program Files\dotnet\sdk\8.0.302\Extensions\Microsoft.TestPlatform.Extensions.EventLogCollector.dll'
TpTrace Error: 0 : 89512, 1, 2025/02/28, 11:13:01.795, 3226600984974, datacollector.dll, The type "Microsoft.TestPlatform.Extensions.EventLogCollector.EventLogDataCollector" defined in "Microsoft.TestPlatform.Extensions.EventLogCollector.dll" does not have ExtensionUri attribute.
TpTrace Information: 0 : 89512, 1, 2025/02/28, 11:13:01.795, 3226600988206, datacollector.dll, GetTestExtensionFromType: Register extension with identifier data 'datacollector://microsoft/EventLog/2.0' and type 'Microsoft.TestPlatform.Extensions.EventLogCollector.EventLogDataCollector, Microsoft.TestPlatform.Extensions.EventLogCollector, Version=15.0.0.0, Culture=neutral, PublicKeyToken=b03f5f7f11d50a3a' inside file 'C:\Program Files\dotnet\sdk\8.0.302\Extensions\Microsoft.TestPlatform.Extensions.EventLogCollector.dll'
TpTrace Verbose: 0 : 89512, 1, 2025/02/28, 11:13:01.795, 3226600990514, datacollector.dll, TestPluginCache: Discovered the extensions using extension path 'C:\Program Files\dotnet\sdk\8.0.302\Extensions\Microsoft.TestPlatform.Extensions.BlameDataCollector.dll,C:\Program Files\dotnet\sdk\8.0.302\Extensions\Microsoft.TestPlatform.Extensions.EventLogCollector.dll'.
TpTrace Verbose: 0 : 89512, 1, 2025/02/28, 11:13:01.795, 3226600991054, datacollector.dll, TestPluginCache: Discoverers are ''.
TpTrace Verbose: 0 : 89512, 1, 2025/02/28, 11:13:01.795, 3226600991303, datacollector.dll, TestPluginCache: Executors are ''.
TpTrace Verbose: 0 : 89512, 1, 2025/02/28, 11:13:01.795, 3226600991552, datacollector.dll, TestPluginCache: Executors2 are ''.
TpTrace Verbose: 0 : 89512, 1, 2025/02/28, 11:13:01.795, 3226600991827, datacollector.dll, TestPluginCache: Setting providers are ''.
TpTrace Verbose: 0 : 89512, 1, 2025/02/28, 11:13:01.795, 3226600992042, datacollector.dll, TestPluginCache: Loggers are ''.
TpTrace Verbose: 0 : 89512, 1, 2025/02/28, 11:13:01.795, 3226600992239, datacollector.dll, TestPluginCache: TestHosts are ''.
TpTrace Verbose: 0 : 89512, 1, 2025/02/28, 11:13:01.795, 3226600992941, datacollector.dll, TestPluginCache: DataCollectors are 'datacollector://microsoft/TestPlatform/Extensions/Blame/v1,datacollector://microsoft/EventLog/2.0'.
TpTrace Information: 0 : 89512, 1, 2025/02/28, 11:13:01.797, 3226601006977, datacollector.dll, TestPluginManager.CreateTestExtension: Attempting to load test extension: Microsoft.TestPlatform.Extensions.BlameDataCollector.BlameCollector
TpTrace Information: 0 : 89512, 1, 2025/02/28, 11:13:01.801, 3226601044259, datacollector.dll, [MonitorPostmortemDump]Monitor enabled: 'False'
TpTrace Verbose: 0 : 89512, 1, 2025/02/28, 11:13:01.801, 3226601051489, datacollector.dll, MulticastDelegateUtilities.SafeInvoke: DataCollectionEvents.SessionStart: Invoking callbacks was skipped because there are no subscribers.
TpTrace Information: 0 : 89512, 1, 2025/02/28, 11:13:01.802, 3226601056572, datacollector.dll, Listening on Endpoint : 127.0.0.1:55854
TpTrace Information: 0 : 89512, 1, 2025/02/28, 11:13:01.808, 3226601116663, datacollector.dll, DataCollectionRequestHandler.ProcessRequests : DataCollection started.
TpTrace Information: 0 : 89512, 1, 2025/02/28, 11:13:01.829, 3226601328503, datacollector.dll, DataCollectionRequestHandler.ProcessRequests: Datacollector received message: (DataCollection.TestHostLaunched) -> {"MessageType":"DataCollection.TestHostLaunched","Payload":{"ProcessId":70312}}
TpTrace Verbose: 0 : 89512, 1, 2025/02/28, 11:13:01.831, 3226601348141, datacollector.dll, MulticastDelegateUtilities.SafeInvoke: DataCollectionEvents.TestHostLaunched: Invoking callback 1/1 for Microsoft.TestPlatform.Extensions.BlameDataCollector.BlameCollector., took 0 ms.
TpTrace Verbose: 0 : 89512, 8, 2025/02/28, 11:13:02.065, 3226603685740, datacollector.dll, SocketCommunicationManager.WaitForClientConnection took: 259 ms, with 90000 ms timeout, and finished with True.
TpTrace Information: 0 : 89512, 6, 2025/02/28, 11:13:02.065, 3226603685984, datacollector.dll, Using the buffer size of 16384 bytes
TpTrace Information: 0 : 89512, 6, 2025/02/28, 11:13:02.065, 3226603687746, datacollector.dll, Accepted Client request and set the flag
TpTrace Information: 0 : 89512, 8, 2025/02/28, 11:13:02.687, 3226609906630, datacollector.dll, DataCollectionTestCaseEventHandler: Test case starting.
TpTrace Information: 0 : 89512, 8, 2025/02/28, 11:13:02.704, 3226610076482, datacollector.dll, BlameCollector.EventsTestCaseStart: Test Case Start
TpTrace Verbose: 0 : 89512, 8, 2025/02/28, 11:13:02.704, 3226610079547, datacollector.dll, MulticastDelegateUtilities.SafeInvoke: DataCollectionEvents.TestCaseStart: Invoking callback 1/1 for Microsoft.TestPlatform.Extensions.BlameDataCollector.BlameCollector., took 0 ms.
TpTrace Information: 0 : 89512, 8, 2025/02/28, 11:13:02.704, 3226610082757, datacollector.dll, DataCollectionTestCaseEventHandler: Test case 'TestLab1.UnitTest1.CheckValue_DiscountPercentMiddle_ShouldReturnTrue - 13bffbd0-ba92-1a6a-ca59-1ee56cc1bda3' started.
TpTrace Information: 0 : 89512, 8, 2025/02/28, 11:13:02.916, 3226612199410, datacollector.dll, DataCollectionTestCaseEventHandler: Test case completing.
TpTrace Information: 0 : 89512, 8, 2025/02/28, 11:13:02.921, 3226612244638, datacollector.dll, BlameCollector.EventsTestCaseEnd: Test Case End
TpTrace Verbose: 0 : 89512, 8, 2025/02/28, 11:13:02.921, 3226612247352, datacollector.dll, MulticastDelegateUtilities.SafeInvoke: DataCollectionEvents.TestCaseEnd: Invoking callback 1/1 for Microsoft.TestPlatform.Extensions.BlameDataCollector.BlameCollector., took 0 ms.
TpTrace Information: 0 : 89512, 8, 2025/02/28, 11:13:02.923, 3226612268221, datacollector.dll, DataCollectionTestCaseEventHandler: Test case 'TestLab1.UnitTest1.CheckValue_DiscountPercentMiddle_ShouldReturnTrue - 13bffbd0-ba92-1a6a-ca59-1ee56cc1bda3' completed
TpTrace Information: 0 : 89512, 8, 2025/02/28, 11:13:02.935, 3226612389507, datacollector.dll, DataCollectionTestCaseEventHandler: Test case starting.
TpTrace Information: 0 : 89512, 8, 2025/02/28, 11:13:02.936, 3226612399617, datacollector.dll, BlameCollector.EventsTestCaseStart: Test Case Start
TpTrace Verbose: 0 : 89512, 8, 2025/02/28, 11:13:02.936, 3226612400458, datacollector.dll, MulticastDelegateUtilities.SafeInvoke: DataCollectionEvents.TestCaseStart: Invoking callback 1/1 for Microsoft.TestPlatform.Extensions.BlameDataCollector.BlameCollector., took 0 ms.
TpTrace Information: 0 : 89512, 8, 2025/02/28, 11:13:02.936, 3226612402046, datacollector.dll, DataCollectionTestCaseEventHandler: Test case 'TestLab1.UnitTest1.CheckValue_ReturnPercentHightBorder_ShouldReturnTrue - f5ec87c4-5e16-6906-457a-6d581134c7a1' started.
TpTrace Information: 0 : 89512, 8, 2025/02/28, 11:13:02.938, 3226612417448, datacollector.dll, DataCollectionTestCaseEventHandler: Test case completing.
TpTrace Information: 0 : 89512, 8, 2025/02/28, 11:13:02.939, 3226612424841, datacollector.dll, BlameCollector.EventsTestCaseEnd: Test Case End
TpTrace Verbose: 0 : 89512, 8, 2025/02/28, 11:13:02.939, 3226612425559, datacollector.dll, MulticastDelegateUtilities.SafeInvoke: DataCollectionEvents.TestCaseEnd: Invoking callback 1/1 for Microsoft.TestPlatform.Extensions.BlameDataCollector.BlameCollector., took 0 ms.
TpTrace Information: 0 : 89512, 8, 2025/02/28, 11:13:02.939, 3226612427239, datacollector.dll, DataCollectionTestCaseEventHandler: Test case 'TestLab1.UnitTest1.CheckValue_ReturnPercentHightBorder_ShouldReturnTrue - f5ec87c4-5e16-6906-457a-6d581134c7a1' completed
TpTrace Information: 0 : 89512, 8, 2025/02/28, 11:13:02.941, 3226612444780, datacollector.dll, DataCollectionTestCaseEventHandler: Test case starting.
TpTrace Information: 0 : 89512, 8, 2025/02/28, 11:13:02.941, 3226612450357, datacollector.dll, BlameCollector.EventsTestCaseStart: Test Case Start
TpTrace Verbose: 0 : 89512, 8, 2025/02/28, 11:13:02.941, 3226612450998, datacollector.dll, MulticastDelegateUtilities.SafeInvoke: DataCollectionEvents.TestCaseStart: Invoking callback 1/1 for Microsoft.TestPlatform.Extensions.BlameDataCollector.BlameCollector., took 0 ms.
TpTrace Information: 0 : 89512, 8, 2025/02/28, 11:13:02.941, 3226612452154, datacollector.dll, DataCollectionTestCaseEventHandler: Test case 'TestLab1.UnitTest1.CheckValue_NegativeOverheadsPercentHightBorder_ShouldReturnTrue - b6b8a79f-488a-12b0-8e4f-4f3b80650c68' started.
TpTrace Information: 0 : 89512, 8, 2025/02/28, 11:13:02.942, 3226612461134, datacollector.dll, DataCollectionTestCaseEventHandler: Test case completing.
TpTrace Information: 0 : 89512, 8, 2025/02/28, 11:13:02.943, 3226612466133, datacollector.dll, BlameCollector.EventsTestCaseEnd: Test Case End
TpTrace Verbose: 0 : 89512, 8, 2025/02/28, 11:13:02.943, 3226612466705, datacollector.dll, MulticastDelegateUtilities.SafeInvoke: DataCollectionEvents.TestCaseEnd: Invoking callback 1/1 for Microsoft.TestPlatform.Extensions.BlameDataCollector.BlameCollector., took 0 ms.
TpTrace Information: 0 : 89512, 8, 2025/02/28, 11:13:02.943, 3226612467888, datacollector.dll, DataCollectionTestCaseEventHandler: Test case 'TestLab1.UnitTest1.CheckValue_NegativeOverheadsPercentHightBorder_ShouldReturnTrue - b6b8a79f-488a-12b0-8e4f-4f3b80650c68' completed
TpTrace Information: 0 : 89512, 8, 2025/02/28, 11:13:02.944, 3226612478163, datacollector.dll, DataCollectionTestCaseEventHandler: Test case starting.
TpTrace Information: 0 : 89512, 8, 2025/02/28, 11:13:02.944, 3226612483135, datacollector.dll, BlameCollector.EventsTestCaseStart: Test Case Start
TpTrace Verbose: 0 : 89512, 8, 2025/02/28, 11:13:02.944, 3226612484043, datacollector.dll, MulticastDelegateUtilities.SafeInvoke: DataCollectionEvents.TestCaseStart: Invoking callback 1/1 for Microsoft.TestPlatform.Extensions.BlameDataCollector.BlameCollector., took 0 ms.
TpTrace Information: 0 : 89512, 8, 2025/02/28, 11:13:02.945, 3226612485529, datacollector.dll, DataCollectionTestCaseEventHandler: Test case 'TestLab1.UnitTest1.CheckValue_ReturnPercentLowBorder_ShouldReturnTrue - ad5fd77b-fc52-5f43-4485-a6788aa3d75f' started.
TpTrace Information: 0 : 89512, 8, 2025/02/28, 11:13:02.945, 3226612493975, datacollector.dll, DataCollectionTestCaseEventHandler: Test case completing.
TpTrace Information: 0 : 89512, 8, 2025/02/28, 11:13:02.946, 3226612498912, datacollector.dll, BlameCollector.EventsTestCaseEnd: Test Case End
TpTrace Verbose: 0 : 89512, 8, 2025/02/28, 11:13:02.946, 3226612499536, datacollector.dll, MulticastDelegateUtilities.SafeInvoke: DataCollectionEvents.TestCaseEnd: Invoking callback 1/1 for Microsoft.TestPlatform.Extensions.BlameDataCollector.BlameCollector., took 0 ms.
TpTrace Information: 0 : 89512, 8, 2025/02/28, 11:13:02.946, 3226612500654, datacollector.dll, DataCollectionTestCaseEventHandler: Test case 'TestLab1.UnitTest1.CheckValue_ReturnPercentLowBorder_ShouldReturnTrue - ad5fd77b-fc52-5f43-4485-a6788aa3d75f' completed
TpTrace Information: 0 : 89512, 8, 2025/02/28, 11:13:02.947, 3226612510628, datacollector.dll, DataCollectionTestCaseEventHandler: Test case starting.
TpTrace Information: 0 : 89512, 8, 2025/02/28, 11:13:02.948, 3226612515586, datacollector.dll, BlameCollector.EventsTestCaseStart: Test Case Start
TpTrace Verbose: 0 : 89512, 8, 2025/02/28, 11:13:02.948, 3226612516248, datacollector.dll, MulticastDelegateUtilities.SafeInvoke: DataCollectionEvents.TestCaseStart: Invoking callback 1/1 for Microsoft.TestPlatform.Extensions.BlameDataCollector.BlameCollector., took 0 ms.
TpTrace Information: 0 : 89512, 8, 2025/02/28, 11:13:02.948, 3226612517281, datacollector.dll, DataCollectionTestCaseEventHandler: Test case 'TestLab1.UnitTest1.GetSalaseBalance_ValidData_ShouldReturnCorrectTotal - 0fe8504b-7bd5-45c5-5618-11ece50c672b' started.
TpTrace Information: 0 : 89512, 8, 2025/02/28, 11:13:02.949, 3226612526546, datacollector.dll, DataCollectionTestCaseEventHandler: Test case completing.
TpTrace Information: 0 : 89512, 8, 2025/02/28, 11:13:02.949, 3226612531736, datacollector.dll, BlameCollector.EventsTestCaseEnd: Test Case End
TpTrace Verbose: 0 : 89512, 8, 2025/02/28, 11:13:02.949, 3226612532304, datacollector.dll, MulticastDelegateUtilities.SafeInvoke: DataCollectionEvents.TestCaseEnd: Invoking callback 1/1 for Microsoft.TestPlatform.Extensions.BlameDataCollector.BlameCollector., took 0 ms.
TpTrace Information: 0 : 89512, 8, 2025/02/28, 11:13:02.949, 3226612533665, datacollector.dll, DataCollectionTestCaseEventHandler: Test case 'TestLab1.UnitTest1.GetSalaseBalance_ValidData_ShouldReturnCorrectTotal - 0fe8504b-7bd5-45c5-5618-11ece50c672b' completed
TpTrace Information: 0 : 89512, 8, 2025/02/28, 11:13:02.950, 3226612543867, datacollector.dll, DataCollectionTestCaseEventHandler: Test case starting.
TpTrace Information: 0 : 89512, 8, 2025/02/28, 11:13:02.951, 3226612549112, datacollector.dll, BlameCollector.EventsTestCaseStart: Test Case Start
TpTrace Verbose: 0 : 89512, 8, 2025/02/28, 11:13:02.951, 3226612549692, datacollector.dll, MulticastDelegateUtilities.SafeInvoke: DataCollectionEvents.TestCaseStart: Invoking callback 1/1 for Microsoft.TestPlatform.Extensions.BlameDataCollector.BlameCollector., took 0 ms.
TpTrace Information: 0 : 89512, 8, 2025/02/28, 11:13:02.951, 3226612550702, datacollector.dll, DataCollectionTestCaseEventHandler: Test case 'TestLab1.UnitTest1.GetNetRevenue_NegativeTourPrice_ShouldReturnZero - 22ec6a3e-0c68-efc7-c915-e197949494cd' started.
TpTrace Information: 0 : 89512, 8, 2025/02/28, 11:13:02.952, 3226612559378, datacollector.dll, DataCollectionTestCaseEventHandler: Test case completing.
TpTrace Information: 0 : 89512, 8, 2025/02/28, 11:13:02.953, 3226612564561, datacollector.dll, BlameCollector.EventsTestCaseEnd: Test Case End
TpTrace Verbose: 0 : 89512, 8, 2025/02/28, 11:13:02.953, 3226612565129, datacollector.dll, MulticastDelegateUtilities.SafeInvoke: DataCollectionEvents.TestCaseEnd: Invoking callback 1/1 for Microsoft.TestPlatform.Extensions.BlameDataCollector.BlameCollector., took 0 ms.
TpTrace Information: 0 : 89512, 8, 2025/02/28, 11:13:02.953, 3226612566342, datacollector.dll, DataCollectionTestCaseEventHandler: Test case 'TestLab1.UnitTest1.GetNetRevenue_NegativeTourPrice_ShouldReturnZero - 22ec6a3e-0c68-efc7-c915-e197949494cd' completed
TpTrace Information: 0 : 89512, 8, 2025/02/28, 11:13:02.954, 3226612575860, datacollector.dll, DataCollectionTestCaseEventHandler: Test case starting.
TpTrace Information: 0 : 89512, 8, 2025/02/28, 11:13:02.954, 3226612581668, datacollector.dll, BlameCollector.EventsTestCaseStart: Test Case Start
TpTrace Verbose: 0 : 89512, 8, 2025/02/28, 11:13:02.954, 3226612582361, datacollector.dll, MulticastDelegateUtilities.SafeInvoke: DataCollectionEvents.TestCaseStart: Invoking callback 1/1 for Microsoft.TestPlatform.Extensions.BlameDataCollector.BlameCollector., took 0 ms.
TpTrace Information: 0 : 89512, 8, 2025/02/28, 11:13:02.954, 3226612583500, datacollector.dll, DataCollectionTestCaseEventHandler: Test case 'TestLab1.UnitTest1.CheckValue_DiscountPercentOutOfRange_ShouldReturnFalse - 206210d7-2cd4-2fcb-6e0b-3e19e4b7e8ae' started.
TpTrace Information: 0 : 89512, 8, 2025/02/28, 11:13:02.955, 3226612591718, datacollector.dll, DataCollectionTestCaseEventHandler: Test case completing.
TpTrace Information: 0 : 89512, 8, 2025/02/28, 11:13:02.956, 3226612597029, datacollector.dll, BlameCollector.EventsTestCaseEnd: Test Case End
TpTrace Verbose: 0 : 89512, 8, 2025/02/28, 11:13:02.956, 3226612597606, datacollector.dll, MulticastDelegateUtilities.SafeInvoke: DataCollectionEvents.TestCaseEnd: Invoking callback 1/1 for Microsoft.TestPlatform.Extensions.BlameDataCollector.BlameCollector., took 0 ms.
TpTrace Information: 0 : 89512, 8, 2025/02/28, 11:13:02.956, 3226612598711, datacollector.dll, DataCollectionTestCaseEventHandler: Test case 'TestLab1.UnitTest1.CheckValue_DiscountPercentOutOfRange_ShouldReturnFalse - 206210d7-2cd4-2fcb-6e0b-3e19e4b7e8ae' completed
TpTrace Information: 0 : 89512, 8, 2025/02/28, 11:13:02.957, 3226612611509, datacollector.dll, DataCollectionTestCaseEventHandler: Test case starting.
TpTrace Information: 0 : 89512, 8, 2025/02/28, 11:13:02.958, 3226612617038, datacollector.dll, BlameCollector.EventsTestCaseStart: Test Case Start
TpTrace Verbose: 0 : 89512, 8, 2025/02/28, 11:13:02.958, 3226612617763, datacollector.dll, MulticastDelegateUtilities.SafeInvoke: DataCollectionEvents.TestCaseStart: Invoking callback 1/1 for Microsoft.TestPlatform.Extensions.BlameDataCollector.BlameCollector., took 0 ms.
TpTrace Information: 0 : 89512, 8, 2025/02/28, 11:13:02.958, 3226612618871, datacollector.dll, DataCollectionTestCaseEventHandler: Test case 'TestLab1.UnitTest1.GetTotalRevenue_NegativeTourPrice_ShouldReturnZero - 905f963e-b410-be11-f322-61d5becab046' started.
TpTrace Information: 0 : 89512, 8, 2025/02/28, 11:13:02.959, 3226612627151, datacollector.dll, DataCollectionTestCaseEventHandler: Test case completing.
TpTrace Information: 0 : 89512, 8, 2025/02/28, 11:13:02.959, 3226612632313, datacollector.dll, BlameCollector.EventsTestCaseEnd: Test Case End
TpTrace Verbose: 0 : 89512, 8, 2025/02/28, 11:13:02.959, 3226612633008, datacollector.dll, MulticastDelegateUtilities.SafeInvoke: DataCollectionEvents.TestCaseEnd: Invoking callback 1/1 for Microsoft.TestPlatform.Extensions.BlameDataCollector.BlameCollector., took 0 ms.
TpTrace Information: 0 : 89512, 8, 2025/02/28, 11:13:02.959, 3226612634151, datacollector.dll, DataCollectionTestCaseEventHandler: Test case 'TestLab1.UnitTest1.GetTotalRevenue_NegativeTourPrice_ShouldReturnZero - 905f963e-b410-be11-f322-61d5becab046' completed
TpTrace Information: 0 : 89512, 8, 2025/02/28, 11:13:02.960, 3226612644029, datacollector.dll, DataCollectionTestCaseEventHandler: Test case starting.
TpTrace Information: 0 : 89512, 8, 2025/02/28, 11:13:02.961, 3226612649298, datacollector.dll, BlameCollector.EventsTestCaseStart: Test Case Start
TpTrace Verbose: 0 : 89512, 8, 2025/02/28, 11:13:02.961, 3226612649922, datacollector.dll, MulticastDelegateUtilities.SafeInvoke: DataCollectionEvents.TestCaseStart: Invoking callback 1/1 for Microsoft.TestPlatform.Extensions.BlameDataCollector.BlameCollector., took 0 ms.
TpTrace Information: 0 : 89512, 8, 2025/02/28, 11:13:02.961, 3226612651056, datacollector.dll, DataCollectionTestCaseEventHandler: Test case 'TestLab1.UnitTest1.CheckValue_NegativeDiscountPercentOutOfRange_ShouldReturnFalse - 5dedf566-d341-2376-b423-16a119a49d3c' started.
TpTrace Information: 0 : 89512, 8, 2025/02/28, 11:13:02.962, 3226612659434, datacollector.dll, DataCollectionTestCaseEventHandler: Test case completing.
TpTrace Information: 0 : 89512, 8, 2025/02/28, 11:13:02.963, 3226612664794, datacollector.dll, BlameCollector.EventsTestCaseEnd: Test Case End
TpTrace Verbose: 0 : 89512, 8, 2025/02/28, 11:13:02.963, 3226612665374, datacollector.dll, MulticastDelegateUtilities.SafeInvoke: DataCollectionEvents.TestCaseEnd: Invoking callback 1/1 for Microsoft.TestPlatform.Extensions.BlameDataCollector.BlameCollector., took 0 ms.
TpTrace Information: 0 : 89512, 8, 2025/02/28, 11:13:02.963, 3226612666501, datacollector.dll, DataCollectionTestCaseEventHandler: Test case 'TestLab1.UnitTest1.CheckValue_NegativeDiscountPercentOutOfRange_ShouldReturnFalse - 5dedf566-d341-2376-b423-16a119a49d3c' completed
TpTrace Information: 0 : 89512, 8, 2025/02/28, 11:13:03.001, 3226613047743, datacollector.dll, DataCollectionTestCaseEventHandler: Test case starting.
TpTrace Information: 0 : 89512, 8, 2025/02/28, 11:13:03.002, 3226613059137, datacollector.dll, BlameCollector.EventsTestCaseStart: Test Case Start
TpTrace Verbose: 0 : 89512, 8, 2025/02/28, 11:13:03.002, 3226613060145, datacollector.dll, MulticastDelegateUtilities.SafeInvoke: DataCollectionEvents.TestCaseStart: Invoking callback 1/1 for Microsoft.TestPlatform.Extensions.BlameDataCollector.BlameCollector., took 0 ms.
TpTrace Information: 0 : 89512, 8, 2025/02/28, 11:13:03.002, 3226613061868, datacollector.dll, DataCollectionTestCaseEventHandler: Test case 'TestLab1.UnitTest1.CheckValue_DiscountPercentHightBorder_ShouldReturnTrue - 8202acf5-0257-35e6-0fc8-af8e595d6f51' started.
TpTrace Information: 0 : 89512, 8, 2025/02/28, 11:13:03.004, 3226613075229, datacollector.dll, DataCollectionTestCaseEventHandler: Test case completing.
TpTrace Information: 0 : 89512, 8, 2025/02/28, 11:13:03.004, 3226613083514, datacollector.dll, BlameCollector.EventsTestCaseEnd: Test Case End
TpTrace Verbose: 0 : 89512, 8, 2025/02/28, 11:13:03.005, 3226613084611, datacollector.dll, MulticastDelegateUtilities.SafeInvoke: DataCollectionEvents.TestCaseEnd: Invoking callback 1/1 for Microsoft.TestPlatform.Extensions.BlameDataCollector.BlameCollector., took 0 ms.
TpTrace Information: 0 : 89512, 8, 2025/02/28, 11:13:03.005, 3226613086293, datacollector.dll, DataCollectionTestCaseEventHandler: Test case 'TestLab1.UnitTest1.CheckValue_DiscountPercentHightBorder_ShouldReturnTrue - 8202acf5-0257-35e6-0fc8-af8e595d6f51' completed
TpTrace Information: 0 : 89512, 8, 2025/02/28, 11:13:03.006, 3226613103719, datacollector.dll, DataCollectionTestCaseEventHandler: Test case starting.
TpTrace Information: 0 : 89512, 8, 2025/02/28, 11:13:03.007, 3226613111490, datacollector.dll, BlameCollector.EventsTestCaseStart: Test Case Start
TpTrace Verbose: 0 : 89512, 8, 2025/02/28, 11:13:03.007, 3226613112243, datacollector.dll, MulticastDelegateUtilities.SafeInvoke: DataCollectionEvents.TestCaseStart: Invoking callback 1/1 for Microsoft.TestPlatform.Extensions.BlameDataCollector.BlameCollector., took 0 ms.
TpTrace Information: 0 : 89512, 8, 2025/02/28, 11:13:03.007, 3226613113613, datacollector.dll, DataCollectionTestCaseEventHandler: Test case 'TestLab1.UnitTest1.CheckValue_NegativeOverheadsPercentMiddle_ShouldReturnTrue - 5e0f7ed6-2c2e-3e86-e425-f02d0d722d91' started.
TpTrace Information: 0 : 89512, 8, 2025/02/28, 11:13:03.019, 3226613224501, datacollector.dll, DataCollectionTestCaseEventHandler: Test case completing.
TpTrace Information: 0 : 89512, 8, 2025/02/28, 11:13:03.020, 3226613234967, datacollector.dll, BlameCollector.EventsTestCaseEnd: Test Case End
TpTrace Verbose: 0 : 89512, 8, 2025/02/28, 11:13:03.020, 3226613235955, datacollector.dll, MulticastDelegateUtilities.SafeInvoke: DataCollectionEvents.TestCaseEnd: Invoking callback 1/1 for Microsoft.TestPlatform.Extensions.BlameDataCollector.BlameCollector., took 0 ms.
TpTrace Information: 0 : 89512, 8, 2025/02/28, 11:13:03.020, 3226613237689, datacollector.dll, DataCollectionTestCaseEventHandler: Test case 'TestLab1.UnitTest1.CheckValue_NegativeOverheadsPercentMiddle_ShouldReturnTrue - 5e0f7ed6-2c2e-3e86-e425-f02d0d722d91' completed
TpTrace Information: 0 : 89512, 8, 2025/02/28, 11:13:03.021, 3226613254176, datacollector.dll, DataCollectionTestCaseEventHandler: Test case starting.
TpTrace Information: 0 : 89512, 8, 2025/02/28, 11:13:03.022, 3226613262283, datacollector.dll, BlameCollector.EventsTestCaseStart: Test Case Start
TpTrace Verbose: 0 : 89512, 8, 2025/02/28, 11:13:03.022, 3226613263136, datacollector.dll, MulticastDelegateUtilities.SafeInvoke: DataCollectionEvents.TestCaseStart: Invoking callback 1/1 for Microsoft.TestPlatform.Extensions.BlameDataCollector.BlameCollector., took 0 ms.
TpTrace Information: 0 : 89512, 8, 2025/02/28, 11:13:03.023, 3226613264490, datacollector.dll, DataCollectionTestCaseEventHandler: Test case 'TestLab1.UnitTest1.GetTotalRefund_ValidData_ShouldReturnCorrectTotal - d5ca33c1-ea48-10d7-c602-e3c2fb60870a' started.
TpTrace Information: 0 : 89512, 8, 2025/02/28, 11:13:03.024, 3226613276158, datacollector.dll, DataCollectionTestCaseEventHandler: Test case completing.
TpTrace Information: 0 : 89512, 8, 2025/02/28, 11:13:03.024, 3226613284041, datacollector.dll, BlameCollector.EventsTestCaseEnd: Test Case End
TpTrace Verbose: 0 : 89512, 8, 2025/02/28, 11:13:03.025, 3226613284781, datacollector.dll, MulticastDelegateUtilities.SafeInvoke: DataCollectionEvents.TestCaseEnd: Invoking callback 1/1 for Microsoft.TestPlatform.Extensions.BlameDataCollector.BlameCollector., took 0 ms.
TpTrace Information: 0 : 89512, 8, 2025/02/28, 11:13:03.025, 3226613286282, datacollector.dll, DataCollectionTestCaseEventHandler: Test case 'TestLab1.UnitTest1.GetTotalRefund_ValidData_ShouldReturnCorrectTotal - d5ca33c1-ea48-10d7-c602-e3c2fb60870a' completed
TpTrace Information: 0 : 89512, 8, 2025/02/28, 11:13:03.026, 3226613299030, datacollector.dll, DataCollectionTestCaseEventHandler: Test case starting.
TpTrace Information: 0 : 89512, 8, 2025/02/28, 11:13:03.027, 3226613306943, datacollector.dll, BlameCollector.EventsTestCaseStart: Test Case Start
TpTrace Verbose: 0 : 89512, 8, 2025/02/28, 11:13:03.027, 3226613307777, datacollector.dll, MulticastDelegateUtilities.SafeInvoke: DataCollectionEvents.TestCaseStart: Invoking callback 1/1 for Microsoft.TestPlatform.Extensions.BlameDataCollector.BlameCollector., took 0 ms.
TpTrace Information: 0 : 89512, 8, 2025/02/28, 11:13:03.027, 3226613309137, datacollector.dll, DataCollectionTestCaseEventHandler: Test case 'TestLab1.UnitTest1.CheckValue_TourNegativeNumberOutOfRange_ShouldThrowArgumentOutOfRangeException - e74e64d8-2eb6-40a4-3e7b-1c007453a0bd' started.
TpTrace Information: 0 : 89512, 8, 2025/02/28, 11:13:03.028, 3226613320784, datacollector.dll, DataCollectionTestCaseEventHandler: Test case completing.
TpTrace Information: 0 : 89512, 8, 2025/02/28, 11:13:03.029, 3226613328883, datacollector.dll, BlameCollector.EventsTestCaseEnd: Test Case End
TpTrace Verbose: 0 : 89512, 8, 2025/02/28, 11:13:03.029, 3226613329630, datacollector.dll, MulticastDelegateUtilities.SafeInvoke: DataCollectionEvents.TestCaseEnd: Invoking callback 1/1 for Microsoft.TestPlatform.Extensions.BlameDataCollector.BlameCollector., took 0 ms.
TpTrace Information: 0 : 89512, 8, 2025/02/28, 11:13:03.029, 3226613331104, datacollector.dll, DataCollectionTestCaseEventHandler: Test case 'TestLab1.UnitTest1.CheckValue_TourNegativeNumberOutOfRange_ShouldThrowArgumentOutOfRangeException - e74e64d8-2eb6-40a4-3e7b-1c007453a0bd' completed
TpTrace Information: 0 : 89512, 8, 2025/02/28, 11:13:03.030, 3226613343843, datacollector.dll, DataCollectionTestCaseEventHandler: Test case starting.
TpTrace Information: 0 : 89512, 8, 2025/02/28, 11:13:03.031, 3226613351638, datacollector.dll, BlameCollector.EventsTestCaseStart: Test Case Start
TpTrace Verbose: 0 : 89512, 8, 2025/02/28, 11:13:03.031, 3226613352410, datacollector.dll, MulticastDelegateUtilities.SafeInvoke: DataCollectionEvents.TestCaseStart: Invoking callback 1/1 for Microsoft.TestPlatform.Extensions.BlameDataCollector.BlameCollector., took 0 ms.
TpTrace Information: 0 : 89512, 8, 2025/02/28, 11:13:03.031, 3226613353853, datacollector.dll, DataCollectionTestCaseEventHandler: Test case 'TestLab1.UnitTest1.CheckValue_ReturnPercentMiddle_ShouldReturnTrue - b734e633-8c09-9650-6847-008319015ff4' started.
TpTrace Information: 0 : 89512, 8, 2025/02/28, 11:13:03.032, 3226613361626, datacollector.dll, DataCollectionTestCaseEventHandler: Test case completing.
TpTrace Information: 0 : 89512, 8, 2025/02/28, 11:13:03.033, 3226613369652, datacollector.dll, BlameCollector.EventsTestCaseEnd: Test Case End
TpTrace Verbose: 0 : 89512, 8, 2025/02/28, 11:13:03.033, 3226613370400, datacollector.dll, MulticastDelegateUtilities.SafeInvoke: DataCollectionEvents.TestCaseEnd: Invoking callback 1/1 for Microsoft.TestPlatform.Extensions.BlameDataCollector.BlameCollector., took 0 ms.
TpTrace Information: 0 : 89512, 8, 2025/02/28, 11:13:03.033, 3226613371785, datacollector.dll, DataCollectionTestCaseEventHandler: Test case 'TestLab1.UnitTest1.CheckValue_ReturnPercentMiddle_ShouldReturnTrue - b734e633-8c09-9650-6847-008319015ff4' completed
TpTrace Information: 0 : 89512, 8, 2025/02/28, 11:13:03.034, 3226613380707, datacollector.dll, DataCollectionTestCaseEventHandler: Test case starting.
TpTrace Information: 0 : 89512, 8, 2025/02/28, 11:13:03.035, 3226613388555, datacollector.dll, BlameCollector.EventsTestCaseStart: Test Case Start
TpTrace Verbose: 0 : 89512, 8, 2025/02/28, 11:13:03.035, 3226613389340, datacollector.dll, MulticastDelegateUtilities.SafeInvoke: DataCollectionEvents.TestCaseStart: Invoking callback 1/1 for Microsoft.TestPlatform.Extensions.BlameDataCollector.BlameCollector., took 0 ms.
TpTrace Information: 0 : 89512, 8, 2025/02/28, 11:13:03.035, 3226613390753, datacollector.dll, DataCollectionTestCaseEventHandler: Test case 'TestLab1.UnitTest1.GetFinalBalance_ValidData_ShouldReturnCorrectTotal - 31239953-65e1-c339-63aa-8994b0dc8115' started.
TpTrace Information: 0 : 89512, 8, 2025/02/28, 11:13:03.036, 3226613400091, datacollector.dll, DataCollectionTestCaseEventHandler: Test case completing.
TpTrace Information: 0 : 89512, 8, 2025/02/28, 11:13:03.037, 3226613407628, datacollector.dll, BlameCollector.EventsTestCaseEnd: Test Case End
TpTrace Verbose: 0 : 89512, 8, 2025/02/28, 11:13:03.037, 3226613408316, datacollector.dll, MulticastDelegateUtilities.SafeInvoke: DataCollectionEvents.TestCaseEnd: Invoking callback 1/1 for Microsoft.TestPlatform.Extensions.BlameDataCollector.BlameCollector., took 0 ms.
TpTrace Information: 0 : 89512, 8, 2025/02/28, 11:13:03.037, 3226613409574, datacollector.dll, DataCollectionTestCaseEventHandler: Test case 'TestLab1.UnitTest1.GetFinalBalance_ValidData_ShouldReturnCorrectTotal - 31239953-65e1-c339-63aa-8994b0dc8115' completed
TpTrace Information: 0 : 89512, 8, 2025/02/28, 11:13:03.038, 3226613422770, datacollector.dll, DataCollectionTestCaseEventHandler: Test case starting.
TpTrace Information: 0 : 89512, 8, 2025/02/28, 11:13:03.039, 3226613428257, datacollector.dll, BlameCollector.EventsTestCaseStart: Test Case Start
TpTrace Verbose: 0 : 89512, 8, 2025/02/28, 11:13:03.039, 3226613428840, datacollector.dll, MulticastDelegateUtilities.SafeInvoke: DataCollectionEvents.TestCaseStart: Invoking callback 1/1 for Microsoft.TestPlatform.Extensions.BlameDataCollector.BlameCollector., took 0 ms.
TpTrace Information: 0 : 89512, 8, 2025/02/28, 11:13:03.039, 3226613429902, datacollector.dll, DataCollectionTestCaseEventHandler: Test case 'TestLab1.UnitTest1.CheckValue_NegativeOverheadsPercentOutOfRange_ShouldReturnFalse - 349e8fd2-92be-1a1a-29fc-9d5f64a83fe3' started.
TpTrace Information: 0 : 89512, 8, 2025/02/28, 11:13:03.040, 3226613440735, datacollector.dll, DataCollectionTestCaseEventHandler: Test case completing.
TpTrace Information: 0 : 89512, 8, 2025/02/28, 11:13:03.041, 3226613446034, datacollector.dll, BlameCollector.EventsTestCaseEnd: Test Case End
TpTrace Verbose: 0 : 89512, 8, 2025/02/28, 11:13:03.041, 3226613446612, datacollector.dll, MulticastDelegateUtilities.SafeInvoke: DataCollectionEvents.TestCaseEnd: Invoking callback 1/1 for Microsoft.TestPlatform.Extensions.BlameDataCollector.BlameCollector., took 0 ms.
TpTrace Information: 0 : 89512, 8, 2025/02/28, 11:13:03.041, 3226613447776, datacollector.dll, DataCollectionTestCaseEventHandler: Test case 'TestLab1.UnitTest1.CheckValue_NegativeOverheadsPercentOutOfRange_ShouldReturnFalse - 349e8fd2-92be-1a1a-29fc-9d5f64a83fe3' completed
TpTrace Information: 0 : 89512, 8, 2025/02/28, 11:13:03.042, 3226613460053, datacollector.dll, DataCollectionTestCaseEventHandler: Test case starting.
TpTrace Information: 0 : 89512, 8, 2025/02/28, 11:13:03.043, 3226613465450, datacollector.dll, BlameCollector.EventsTestCaseStart: Test Case Start
TpTrace Verbose: 0 : 89512, 8, 2025/02/28, 11:13:03.043, 3226613466036, datacollector.dll, MulticastDelegateUtilities.SafeInvoke: DataCollectionEvents.TestCaseStart: Invoking callback 1/1 for Microsoft.TestPlatform.Extensions.BlameDataCollector.BlameCollector., took 0 ms.
TpTrace Information: 0 : 89512, 8, 2025/02/28, 11:13:03.043, 3226613467049, datacollector.dll, DataCollectionTestCaseEventHandler: Test case 'TestLab1.UnitTest1.CheckValue_DiscountPercentLowBorder_ShouldReturnTrue - ac665e22-9801-e3c3-13a1-5fd13d676a8c' started.
TpTrace Information: 0 : 89512, 8, 2025/02/28, 11:13:03.044, 3226613477816, datacollector.dll, DataCollectionTestCaseEventHandler: Test case completing.
TpTrace Information: 0 : 89512, 8, 2025/02/28, 11:13:03.044, 3226613483164, datacollector.dll, BlameCollector.EventsTestCaseEnd: Test Case End
TpTrace Verbose: 0 : 89512, 8, 2025/02/28, 11:13:03.044, 3226613483736, datacollector.dll, MulticastDelegateUtilities.SafeInvoke: DataCollectionEvents.TestCaseEnd: Invoking callback 1/1 for Microsoft.TestPlatform.Extensions.BlameDataCollector.BlameCollector., took 0 ms.
TpTrace Information: 0 : 89512, 8, 2025/02/28, 11:13:03.045, 3226613484893, datacollector.dll, DataCollectionTestCaseEventHandler: Test case 'TestLab1.UnitTest1.CheckValue_DiscountPercentLowBorder_ShouldReturnTrue - ac665e22-9801-e3c3-13a1-5fd13d676a8c' completed
TpTrace Information: 0 : 89512, 8, 2025/02/28, 11:13:03.046, 3226613497283, datacollector.dll, DataCollectionTestCaseEventHandler: Test case starting.
TpTrace Information: 0 : 89512, 8, 2025/02/28, 11:13:03.046, 3226613502719, datacollector.dll, BlameCollector.EventsTestCaseStart: Test Case Start
TpTrace Verbose: 0 : 89512, 8, 2025/02/28, 11:13:03.046, 3226613503306, datacollector.dll, MulticastDelegateUtilities.SafeInvoke: DataCollectionEvents.TestCaseStart: Invoking callback 1/1 for Microsoft.TestPlatform.Extensions.BlameDataCollector.BlameCollector., took 0 ms.
TpTrace Information: 0 : 89512, 8, 2025/02/28, 11:13:03.047, 3226613504314, datacollector.dll, DataCollectionTestCaseEventHandler: Test case 'TestLab1.UnitTest1.GetTotalExpenses_NegativeTourPrice_ShouldReturnZero - 131fd663-7c76-6556-6600-dbfe91639bf3' started.
TpTrace Information: 0 : 89512, 8, 2025/02/28, 11:13:03.048, 3226613514948, datacollector.dll, DataCollectionTestCaseEventHandler: Test case completing.
TpTrace Information: 0 : 89512, 8, 2025/02/28, 11:13:03.048, 3226613520281, datacollector.dll, BlameCollector.EventsTestCaseEnd: Test Case End
TpTrace Verbose: 0 : 89512, 8, 2025/02/28, 11:13:03.048, 3226613520850, datacollector.dll, MulticastDelegateUtilities.SafeInvoke: DataCollectionEvents.TestCaseEnd: Invoking callback 1/1 for Microsoft.TestPlatform.Extensions.BlameDataCollector.BlameCollector., took 0 ms.
TpTrace Information: 0 : 89512, 8, 2025/02/28, 11:13:03.048, 3226613522017, datacollector.dll, DataCollectionTestCaseEventHandler: Test case 'TestLab1.UnitTest1.GetTotalExpenses_NegativeTourPrice_ShouldReturnZero - 131fd663-7c76-6556-6600-dbfe91639bf3' completed
TpTrace Information: 0 : 89512, 8, 2025/02/28, 11:13:03.053, 3226613570959, datacollector.dll, DataCollectionTestCaseEventHandler: Test case starting.
TpTrace Information: 0 : 89512, 8, 2025/02/28, 11:13:03.055, 3226613585151, datacollector.dll, BlameCollector.EventsTestCaseStart: Test Case Start
TpTrace Verbose: 0 : 89512, 8, 2025/02/28, 11:13:03.055, 3226613585916, datacollector.dll, MulticastDelegateUtilities.SafeInvoke: DataCollectionEvents.TestCaseStart: Invoking callback 1/1 for Microsoft.TestPlatform.Extensions.BlameDataCollector.BlameCollector., took 0 ms.
TpTrace Information: 0 : 89512, 8, 2025/02/28, 11:13:03.055, 3226613587010, datacollector.dll, DataCollectionTestCaseEventHandler: Test case 'TestLab1.UnitTest1.CheckValue_ToureNumbeLowBorder_ShouldReturnTrue - 39b1a79e-aaa1-2d00-594e-c9393023a8ca' started.
TpTrace Information: 0 : 89512, 8, 2025/02/28, 11:13:03.056, 3226613599167, datacollector.dll, DataCollectionTestCaseEventHandler: Test case completing.
TpTrace Information: 0 : 89512, 8, 2025/02/28, 11:13:03.057, 3226613604736, datacollector.dll, BlameCollector.EventsTestCaseEnd: Test Case End
TpTrace Verbose: 0 : 89512, 8, 2025/02/28, 11:13:03.057, 3226613605317, datacollector.dll, MulticastDelegateUtilities.SafeInvoke: DataCollectionEvents.TestCaseEnd: Invoking callback 1/1 for Microsoft.TestPlatform.Extensions.BlameDataCollector.BlameCollector., took 0 ms.
TpTrace Information: 0 : 89512, 8, 2025/02/28, 11:13:03.057, 3226613606464, datacollector.dll, DataCollectionTestCaseEventHandler: Test case 'TestLab1.UnitTest1.CheckValue_ToureNumbeLowBorder_ShouldReturnTrue - 39b1a79e-aaa1-2d00-594e-c9393023a8ca' completed
TpTrace Information: 0 : 89512, 8, 2025/02/28, 11:13:03.058, 3226613618039, datacollector.dll, DataCollectionTestCaseEventHandler: Test case starting.
TpTrace Information: 0 : 89512, 8, 2025/02/28, 11:13:03.058, 3226613623333, datacollector.dll, BlameCollector.EventsTestCaseStart: Test Case Start
TpTrace Verbose: 0 : 89512, 8, 2025/02/28, 11:13:03.058, 3226613623904, datacollector.dll, MulticastDelegateUtilities.SafeInvoke: DataCollectionEvents.TestCaseStart: Invoking callback 1/1 for Microsoft.TestPlatform.Extensions.BlameDataCollector.BlameCollector., took 0 ms.
TpTrace Information: 0 : 89512, 8, 2025/02/28, 11:13:03.059, 3226613624959, datacollector.dll, DataCollectionTestCaseEventHandler: Test case 'TestLab1.UnitTest1.CheckValue_TourNumberMiddle_ShouldReturnTrue - f5097f63-8e48-d284-de49-88ed785d7268' started.
TpTrace Information: 0 : 89512, 8, 2025/02/28, 11:13:03.059, 3226613632164, datacollector.dll, DataCollectionTestCaseEventHandler: Test case completing.
TpTrace Information: 0 : 89512, 8, 2025/02/28, 11:13:03.060, 3226613637880, datacollector.dll, BlameCollector.EventsTestCaseEnd: Test Case End
TpTrace Verbose: 0 : 89512, 8, 2025/02/28, 11:13:03.060, 3226613638466, datacollector.dll, MulticastDelegateUtilities.SafeInvoke: DataCollectionEvents.TestCaseEnd: Invoking callback 1/1 for Microsoft.TestPlatform.Extensions.BlameDataCollector.BlameCollector., took 0 ms.
TpTrace Information: 0 : 89512, 8, 2025/02/28, 11:13:03.060, 3226613639647, datacollector.dll, DataCollectionTestCaseEventHandler: Test case 'TestLab1.UnitTest1.CheckValue_TourNumberMiddle_ShouldReturnTrue - f5097f63-8e48-d284-de49-88ed785d7268' completed
TpTrace Information: 0 : 89512, 8, 2025/02/28, 11:13:03.061, 3226613648145, datacollector.dll, DataCollectionTestCaseEventHandler: Test case starting.
TpTrace Information: 0 : 89512, 8, 2025/02/28, 11:13:03.061, 3226613653461, datacollector.dll, BlameCollector.EventsTestCaseStart: Test Case Start
TpTrace Verbose: 0 : 89512, 8, 2025/02/28, 11:13:03.061, 3226613654041, datacollector.dll, MulticastDelegateUtilities.SafeInvoke: DataCollectionEvents.TestCaseStart: Invoking callback 1/1 for Microsoft.TestPlatform.Extensions.BlameDataCollector.BlameCollector., took 0 ms.
TpTrace Information: 0 : 89512, 8, 2025/02/28, 11:13:03.062, 3226613655062, datacollector.dll, DataCollectionTestCaseEventHandler: Test case 'TestLab1.UnitTest1.CheckValue_ToureNumbeHightBorder_ShouldReturnTrue - 84a08f0d-0fe4-abb7-d9fb-7f754934813c' started.
TpTrace Information: 0 : 89512, 8, 2025/02/28, 11:13:03.062, 3226613662121, datacollector.dll, DataCollectionTestCaseEventHandler: Test case completing.
TpTrace Information: 0 : 89512, 8, 2025/02/28, 11:13:03.063, 3226613667546, datacollector.dll, BlameCollector.EventsTestCaseEnd: Test Case End
TpTrace Verbose: 0 : 89512, 8, 2025/02/28, 11:13:03.063, 3226613668116, datacollector.dll, MulticastDelegateUtilities.SafeInvoke: DataCollectionEvents.TestCaseEnd: Invoking callback 1/1 for Microsoft.TestPlatform.Extensions.BlameDataCollector.BlameCollector., took 0 ms.
TpTrace Information: 0 : 89512, 8, 2025/02/28, 11:13:03.063, 3226613669298, datacollector.dll, DataCollectionTestCaseEventHandler: Test case 'TestLab1.UnitTest1.CheckValue_ToureNumbeHightBorder_ShouldReturnTrue - 84a08f0d-0fe4-abb7-d9fb-7f754934813c' completed
TpTrace Information: 0 : 89512, 8, 2025/02/28, 11:13:03.064, 3226613678075, datacollector.dll, DataCollectionTestCaseEventHandler: Test case starting.
TpTrace Information: 0 : 89512, 8, 2025/02/28, 11:13:03.065, 3226613686303, datacollector.dll, BlameCollector.EventsTestCaseStart: Test Case Start
TpTrace Verbose: 0 : 89512, 8, 2025/02/28, 11:13:03.065, 3226613687068, datacollector.dll, MulticastDelegateUtilities.SafeInvoke: DataCollectionEvents.TestCaseStart: Invoking callback 1/1 for Microsoft.TestPlatform.Extensions.BlameDataCollector.BlameCollector., took 0 ms.
TpTrace Information: 0 : 89512, 8, 2025/02/28, 11:13:03.065, 3226613688384, datacollector.dll, DataCollectionTestCaseEventHandler: Test case 'TestLab1.UnitTest1.GetTotalRefund_NegativeTourPrice_ShouldReturnZero - c4fd852c-3f2a-40a4-baee-cd17d3f8ecaa' started.
TpTrace Information: 0 : 89512, 8, 2025/02/28, 11:13:03.066, 3226613695282, datacollector.dll, DataCollectionTestCaseEventHandler: Test case completing.
TpTrace Information: 0 : 89512, 8, 2025/02/28, 11:13:03.066, 3226613703283, datacollector.dll, BlameCollector.EventsTestCaseEnd: Test Case End
TpTrace Verbose: 0 : 89512, 8, 2025/02/28, 11:13:03.066, 3226613704037, datacollector.dll, MulticastDelegateUtilities.SafeInvoke: DataCollectionEvents.TestCaseEnd: Invoking callback 1/1 for Microsoft.TestPlatform.Extensions.BlameDataCollector.BlameCollector., took 0 ms.
TpTrace Information: 0 : 89512, 8, 2025/02/28, 11:13:03.067, 3226613705509, datacollector.dll, DataCollectionTestCaseEventHandler: Test case 'TestLab1.UnitTest1.GetTotalRefund_NegativeTourPrice_ShouldReturnZero - c4fd852c-3f2a-40a4-baee-cd17d3f8ecaa' completed
TpTrace Information: 0 : 89512, 8, 2025/02/28, 11:13:03.067, 3226613713383, datacollector.dll, DataCollectionTestCaseEventHandler: Test case starting.
TpTrace Information: 0 : 89512, 8, 2025/02/28, 11:13:03.068, 3226613721482, datacollector.dll, BlameCollector.EventsTestCaseStart: Test Case Start
TpTrace Verbose: 0 : 89512, 8, 2025/02/28, 11:13:03.068, 3226613722309, datacollector.dll, MulticastDelegateUtilities.SafeInvoke: DataCollectionEvents.TestCaseStart: Invoking callback 1/1 for Microsoft.TestPlatform.Extensions.BlameDataCollector.BlameCollector., took 0 ms.
TpTrace Information: 0 : 89512, 8, 2025/02/28, 11:13:03.068, 3226613723679, datacollector.dll, DataCollectionTestCaseEventHandler: Test case 'TestLab1.UnitTest1.GetNetRevenue_ValidData_ShouldReturnCorrectTotal - b96a6a81-4c7e-e0b7-fe02-dd5e3dd841c8' started.
TpTrace Information: 0 : 89512, 8, 2025/02/28, 11:13:03.070, 3226613735252, datacollector.dll, DataCollectionTestCaseEventHandler: Test case completing.
TpTrace Information: 0 : 89512, 8, 2025/02/28, 11:13:03.070, 3226613740600, datacollector.dll, BlameCollector.EventsTestCaseEnd: Test Case End
TpTrace Verbose: 0 : 89512, 8, 2025/02/28, 11:13:03.070, 3226613741170, datacollector.dll, MulticastDelegateUtilities.SafeInvoke: DataCollectionEvents.TestCaseEnd: Invoking callback 1/1 for Microsoft.TestPlatform.Extensions.BlameDataCollector.BlameCollector., took 0 ms.
TpTrace Information: 0 : 89512, 8, 2025/02/28, 11:13:03.070, 3226613742306, datacollector.dll, DataCollectionTestCaseEventHandler: Test case 'TestLab1.UnitTest1.GetNetRevenue_ValidData_ShouldReturnCorrectTotal - b96a6a81-4c7e-e0b7-fe02-dd5e3dd841c8' completed
TpTrace Information: 0 : 89512, 8, 2025/02/28, 11:13:03.072, 3226613754793, datacollector.dll, DataCollectionTestCaseEventHandler: Test case starting.
TpTrace Information: 0 : 89512, 8, 2025/02/28, 11:13:03.072, 3226613760201, datacollector.dll, BlameCollector.EventsTestCaseStart: Test Case Start
TpTrace Verbose: 0 : 89512, 8, 2025/02/28, 11:13:03.072, 3226613760777, datacollector.dll, MulticastDelegateUtilities.SafeInvoke: DataCollectionEvents.TestCaseStart: Invoking callback 1/1 for Microsoft.TestPlatform.Extensions.BlameDataCollector.BlameCollector., took 0 ms.
TpTrace Information: 0 : 89512, 8, 2025/02/28, 11:13:03.072, 3226613761836, datacollector.dll, DataCollectionTestCaseEventHandler: Test case 'TestLab1.UnitTest1.CheckValue_ReturnPercentOutOfRange_ShouldReturnFalse - 6e2caf7d-4053-2ad4-9480-2923c8d56b76' started.
TpTrace Information: 0 : 89512, 8, 2025/02/28, 11:13:03.073, 3226613772671, datacollector.dll, DataCollectionTestCaseEventHandler: Test case completing.
TpTrace Information: 0 : 89512, 8, 2025/02/28, 11:13:03.074, 3226613778058, datacollector.dll, BlameCollector.EventsTestCaseEnd: Test Case End
TpTrace Verbose: 0 : 89512, 8, 2025/02/28, 11:13:03.074, 3226613778636, datacollector.dll, MulticastDelegateUtilities.SafeInvoke: DataCollectionEvents.TestCaseEnd: Invoking callback 1/1 for Microsoft.TestPlatform.Extensions.BlameDataCollector.BlameCollector., took 0 ms.
TpTrace Information: 0 : 89512, 8, 2025/02/28, 11:13:03.074, 3226613779746, datacollector.dll, DataCollectionTestCaseEventHandler: Test case 'TestLab1.UnitTest1.CheckValue_ReturnPercentOutOfRange_ShouldReturnFalse - 6e2caf7d-4053-2ad4-9480-2923c8d56b76' completed
TpTrace Information: 0 : 89512, 8, 2025/02/28, 11:13:03.075, 3226613792073, datacollector.dll, DataCollectionTestCaseEventHandler: Test case starting.
TpTrace Information: 0 : 89512, 8, 2025/02/28, 11:13:03.076, 3226613797356, datacollector.dll, BlameCollector.EventsTestCaseStart: Test Case Start
TpTrace Verbose: 0 : 89512, 8, 2025/02/28, 11:13:03.076, 3226613797925, datacollector.dll, MulticastDelegateUtilities.SafeInvoke: DataCollectionEvents.TestCaseStart: Invoking callback 1/1 for Microsoft.TestPlatform.Extensions.BlameDataCollector.BlameCollector., took 0 ms.
TpTrace Information: 0 : 89512, 8, 2025/02/28, 11:13:03.076, 3226613799024, datacollector.dll, DataCollectionTestCaseEventHandler: Test case 'TestLab1.UnitTest1.CheckValue_OverheadsPercentLowBorder_ShouldReturnTrue - ba29ddde-430f-2813-8ff3-69db1305f084' started.
TpTrace Information: 0 : 89512, 8, 2025/02/28, 11:13:03.077, 3226613809680, datacollector.dll, DataCollectionTestCaseEventHandler: Test case completing.
TpTrace Information: 0 : 89512, 8, 2025/02/28, 11:13:03.078, 3226613815087, datacollector.dll, BlameCollector.EventsTestCaseEnd: Test Case End
TpTrace Verbose: 0 : 89512, 8, 2025/02/28, 11:13:03.078, 3226613815719, datacollector.dll, MulticastDelegateUtilities.SafeInvoke: DataCollectionEvents.TestCaseEnd: Invoking callback 1/1 for Microsoft.TestPlatform.Extensions.BlameDataCollector.BlameCollector., took 0 ms.
TpTrace Information: 0 : 89512, 8, 2025/02/28, 11:13:03.078, 3226613816833, datacollector.dll, DataCollectionTestCaseEventHandler: Test case 'TestLab1.UnitTest1.CheckValue_OverheadsPercentLowBorder_ShouldReturnTrue - ba29ddde-430f-2813-8ff3-69db1305f084' completed
TpTrace Information: 0 : 89512, 8, 2025/02/28, 11:13:03.079, 3226613828966, datacollector.dll, DataCollectionTestCaseEventHandler: Test case starting.
TpTrace Information: 0 : 89512, 8, 2025/02/28, 11:13:03.080, 3226613834340, datacollector.dll, BlameCollector.EventsTestCaseStart: Test Case Start
TpTrace Verbose: 0 : 89512, 8, 2025/02/28, 11:13:03.080, 3226613834922, datacollector.dll, MulticastDelegateUtilities.SafeInvoke: DataCollectionEvents.TestCaseStart: Invoking callback 1/1 for Microsoft.TestPlatform.Extensions.BlameDataCollector.BlameCollector., took 0 ms.
TpTrace Information: 0 : 89512, 8, 2025/02/28, 11:13:03.080, 3226613835969, datacollector.dll, DataCollectionTestCaseEventHandler: Test case 'TestLab1.UnitTest1.CheckValue_ReturnPercentOutOfRangeNegative_ShouldReturnFalse - dae4236c-3cc8-9a66-d8db-f49f48afbd41' started.
TpTrace Information: 0 : 89512, 8, 2025/02/28, 11:13:03.081, 3226613846513, datacollector.dll, DataCollectionTestCaseEventHandler: Test case completing.
TpTrace Information: 0 : 89512, 8, 2025/02/28, 11:13:03.081, 3226613851812, datacollector.dll, BlameCollector.EventsTestCaseEnd: Test Case End
TpTrace Verbose: 0 : 89512, 8, 2025/02/28, 11:13:03.081, 3226613852382, datacollector.dll, MulticastDelegateUtilities.SafeInvoke: DataCollectionEvents.TestCaseEnd: Invoking callback 1/1 for Microsoft.TestPlatform.Extensions.BlameDataCollector.BlameCollector., took 0 ms.
TpTrace Information: 0 : 89512, 8, 2025/02/28, 11:13:03.081, 3226613853614, datacollector.dll, DataCollectionTestCaseEventHandler: Test case 'TestLab1.UnitTest1.CheckValue_ReturnPercentOutOfRangeNegative_ShouldReturnFalse - dae4236c-3cc8-9a66-d8db-f49f48afbd41' completed
TpTrace Information: 0 : 89512, 8, 2025/02/28, 11:13:03.083, 3226613865749, datacollector.dll, DataCollectionTestCaseEventHandler: Test case starting.
TpTrace Information: 0 : 89512, 8, 2025/02/28, 11:13:03.083, 3226613871108, datacollector.dll, BlameCollector.EventsTestCaseStart: Test Case Start
TpTrace Verbose: 0 : 89512, 8, 2025/02/28, 11:13:03.083, 3226613871681, datacollector.dll, MulticastDelegateUtilities.SafeInvoke: DataCollectionEvents.TestCaseStart: Invoking callback 1/1 for Microsoft.TestPlatform.Extensions.BlameDataCollector.BlameCollector., took 0 ms.
TpTrace Information: 0 : 89512, 8, 2025/02/28, 11:13:03.083, 3226613872743, datacollector.dll, DataCollectionTestCaseEventHandler: Test case 'TestLab1.UnitTest1.GetTotalExpenses_ValidData_ShouldReturnCorrectTotal - 9537bafa-2e2c-d672-f5eb-e1d5e74e45bf' started.
TpTrace Information: 0 : 89512, 8, 2025/02/28, 11:13:03.084, 3226613881111, datacollector.dll, DataCollectionTestCaseEventHandler: Test case completing.
TpTrace Information: 0 : 89512, 8, 2025/02/28, 11:13:03.088, 3226613920479, datacollector.dll, BlameCollector.EventsTestCaseEnd: Test Case End
TpTrace Verbose: 0 : 89512, 8, 2025/02/28, 11:13:03.088, 3226613921381, datacollector.dll, MulticastDelegateUtilities.SafeInvoke: DataCollectionEvents.TestCaseEnd: Invoking callback 1/1 for Microsoft.TestPlatform.Extensions.BlameDataCollector.BlameCollector., took 0 ms.
TpTrace Information: 0 : 89512, 8, 2025/02/28, 11:13:03.088, 3226613922550, datacollector.dll, DataCollectionTestCaseEventHandler: Test case 'TestLab1.UnitTest1.GetTotalExpenses_ValidData_ShouldReturnCorrectTotal - 9537bafa-2e2c-d672-f5eb-e1d5e74e45bf' completed
TpTrace Information: 0 : 89512, 8, 2025/02/28, 11:13:03.091, 3226613944620, datacollector.dll, DataCollectionTestCaseEventHandler: Test case starting.
TpTrace Information: 0 : 89512, 8, 2025/02/28, 11:13:03.091, 3226613949397, datacollector.dll, BlameCollector.EventsTestCaseStart: Test Case Start
TpTrace Verbose: 0 : 89512, 8, 2025/02/28, 11:13:03.091, 3226613949952, datacollector.dll, MulticastDelegateUtilities.SafeInvoke: DataCollectionEvents.TestCaseStart: Invoking callback 1/1 for Microsoft.TestPlatform.Extensions.BlameDataCollector.BlameCollector., took 0 ms.
TpTrace Information: 0 : 89512, 8, 2025/02/28, 11:13:03.091, 3226613951031, datacollector.dll, DataCollectionTestCaseEventHandler: Test case 'TestLab1.UnitTest1.CheckValue_OverheadsPercentOutOfRange_ShouldReturnFalse - dc31dac4-8e7a-f9ac-a0ad-f9ae1c83f9fb' started.
TpTrace Information: 0 : 89512, 8, 2025/02/28, 11:13:03.092, 3226613958507, datacollector.dll, DataCollectionTestCaseEventHandler: Test case completing.
TpTrace Information: 0 : 89512, 8, 2025/02/28, 11:13:03.092, 3226613963447, datacollector.dll, BlameCollector.EventsTestCaseEnd: Test Case End
TpTrace Verbose: 0 : 89512, 8, 2025/02/28, 11:13:03.092, 3226613964005, datacollector.dll, MulticastDelegateUtilities.SafeInvoke: DataCollectionEvents.TestCaseEnd: Invoking callback 1/1 for Microsoft.TestPlatform.Extensions.BlameDataCollector.BlameCollector., took 0 ms.
TpTrace Information: 0 : 89512, 8, 2025/02/28, 11:13:03.093, 3226613965203, datacollector.dll, DataCollectionTestCaseEventHandler: Test case 'TestLab1.UnitTest1.CheckValue_OverheadsPercentOutOfRange_ShouldReturnFalse - dc31dac4-8e7a-f9ac-a0ad-f9ae1c83f9fb' completed
TpTrace Information: 0 : 89512, 8, 2025/02/28, 11:13:03.094, 3226613974714, datacollector.dll, DataCollectionTestCaseEventHandler: Test case starting.
TpTrace Information: 0 : 89512, 8, 2025/02/28, 11:13:03.094, 3226613979445, datacollector.dll, BlameCollector.EventsTestCaseStart: Test Case Start
TpTrace Verbose: 0 : 89512, 8, 2025/02/28, 11:13:03.094, 3226613979986, datacollector.dll, MulticastDelegateUtilities.SafeInvoke: DataCollectionEvents.TestCaseStart: Invoking callback 1/1 for Microsoft.TestPlatform.Extensions.BlameDataCollector.BlameCollector., took 0 ms.
TpTrace Information: 0 : 89512, 8, 2025/02/28, 11:13:03.094, 3226613981024, datacollector.dll, DataCollectionTestCaseEventHandler: Test case 'TestLab1.UnitTest1.CheckValue_ValidTour_ShouldReturnTrue - d04aab15-bc15-8187-1937-b10ed16e5f9a' started.
TpTrace Information: 0 : 89512, 8, 2025/02/28, 11:13:03.095, 3226613990442, datacollector.dll, DataCollectionTestCaseEventHandler: Test case completing.
TpTrace Information: 0 : 89512, 8, 2025/02/28, 11:13:03.096, 3226613997849, datacollector.dll, BlameCollector.EventsTestCaseEnd: Test Case End
TpTrace Verbose: 0 : 89512, 8, 2025/02/28, 11:13:03.096, 3226613998624, datacollector.dll, MulticastDelegateUtilities.SafeInvoke: DataCollectionEvents.TestCaseEnd: Invoking callback 1/1 for Microsoft.TestPlatform.Extensions.BlameDataCollector.BlameCollector., took 0 ms.
TpTrace Information: 0 : 89512, 8, 2025/02/28, 11:13:03.096, 3226614000088, datacollector.dll, DataCollectionTestCaseEventHandler: Test case 'TestLab1.UnitTest1.CheckValue_ValidTour_ShouldReturnTrue - d04aab15-bc15-8187-1937-b10ed16e5f9a' completed
TpTrace Information: 0 : 89512, 8, 2025/02/28, 11:13:03.097, 3226614008474, datacollector.dll, DataCollectionTestCaseEventHandler: Test case starting.
TpTrace Information: 0 : 89512, 8, 2025/02/28, 11:13:03.098, 3226614015668, datacollector.dll, BlameCollector.EventsTestCaseStart: Test Case Start
TpTrace Verbose: 0 : 89512, 8, 2025/02/28, 11:13:03.098, 3226614016455, datacollector.dll, MulticastDelegateUtilities.SafeInvoke: DataCollectionEvents.TestCaseStart: Invoking callback 1/1 for Microsoft.TestPlatform.Extensions.BlameDataCollector.BlameCollector., took 0 ms.
TpTrace Information: 0 : 89512, 8, 2025/02/28, 11:13:03.098, 3226614017767, datacollector.dll, DataCollectionTestCaseEventHandler: Test case 'TestLab1.UnitTest1.GetTotalRefund_NegativeTravelVoucher_ShouldReturnZero - e7844b93-4b3b-c9aa-56a8-d015715aa810' started.
TpTrace Information: 0 : 89512, 8, 2025/02/28, 11:13:03.099, 3226614026166, datacollector.dll, DataCollectionTestCaseEventHandler: Test case completing.
TpTrace Information: 0 : 89512, 8, 2025/02/28, 11:13:03.099, 3226614033522, datacollector.dll, BlameCollector.EventsTestCaseEnd: Test Case End
TpTrace Verbose: 0 : 89512, 8, 2025/02/28, 11:13:03.100, 3226614034285, datacollector.dll, MulticastDelegateUtilities.SafeInvoke: DataCollectionEvents.TestCaseEnd: Invoking callback 1/1 for Microsoft.TestPlatform.Extensions.BlameDataCollector.BlameCollector., took 0 ms.
TpTrace Information: 0 : 89512, 8, 2025/02/28, 11:13:03.100, 3226614035739, datacollector.dll, DataCollectionTestCaseEventHandler: Test case 'TestLab1.UnitTest1.GetTotalRefund_NegativeTravelVoucher_ShouldReturnZero - e7844b93-4b3b-c9aa-56a8-d015715aa810' completed
TpTrace Information: 0 : 89512, 8, 2025/02/28, 11:13:03.101, 3226614044629, datacollector.dll, DataCollectionTestCaseEventHandler: Test case starting.
TpTrace Information: 0 : 89512, 8, 2025/02/28, 11:13:03.101, 3226614051807, datacollector.dll, BlameCollector.EventsTestCaseStart: Test Case Start
TpTrace Verbose: 0 : 89512, 8, 2025/02/28, 11:13:03.101, 3226614053348, datacollector.dll, MulticastDelegateUtilities.SafeInvoke: DataCollectionEvents.TestCaseStart: Invoking callback 1/1 for Microsoft.TestPlatform.Extensions.BlameDataCollector.BlameCollector., took 0 ms.
TpTrace Information: 0 : 89512, 8, 2025/02/28, 11:13:03.102, 3226614054805, datacollector.dll, DataCollectionTestCaseEventHandler: Test case 'TestLab1.UnitTest1.GetTotalRevenue_NegativeTravelVoucher_ShouldReturnZero - 30afc5d9-f5b4-a046-b617-5f17cfc8d43a' started.
TpTrace Information: 0 : 89512, 8, 2025/02/28, 11:13:03.102, 3226614062007, datacollector.dll, DataCollectionTestCaseEventHandler: Test case completing.
TpTrace Information: 0 : 89512, 8, 2025/02/28, 11:13:03.103, 3226614069203, datacollector.dll, BlameCollector.EventsTestCaseEnd: Test Case End
TpTrace Verbose: 0 : 89512, 8, 2025/02/28, 11:13:03.103, 3226614069952, datacollector.dll, MulticastDelegateUtilities.SafeInvoke: DataCollectionEvents.TestCaseEnd: Invoking callback 1/1 for Microsoft.TestPlatform.Extensions.BlameDataCollector.BlameCollector., took 0 ms.
TpTrace Information: 0 : 89512, 8, 2025/02/28, 11:13:03.103, 3226614071345, datacollector.dll, DataCollectionTestCaseEventHandler: Test case 'TestLab1.UnitTest1.GetTotalRevenue_NegativeTravelVoucher_ShouldReturnZero - 30afc5d9-f5b4-a046-b617-5f17cfc8d43a' completed
TpTrace Information: 0 : 89512, 8, 2025/02/28, 11:13:03.113, 3226614169566, datacollector.dll, DataCollectionTestCaseEventHandler: Test session ended
TpTrace Information: 0 : 89512, 1, 2025/02/28, 11:13:03.159, 3226614625799, datacollector.dll, DataCollectionRequestHandler.ProcessRequests: Datacollector received message: (DataCollection.AfterTestRunEnd) -> {"MessageType":"DataCollection.AfterTestRunEnd","Payload":false}
TpTrace Information: 0 : 89512, 1, 2025/02/28, 11:13:03.160, 3226614635987, datacollector.dll, Blame Collector: Session End
TpTrace Information: 0 : 89512, 1, 2025/02/28, 11:13:03.160, 3226614636803, datacollector.dll, BlameCollector.CollectDumpAndAbortTesthost: Custom path to dump directory was provided via VSTEST_DUMP_PATH. Skipping attachment upload, the caller is responsible for collecting and uploading the dumps themselves.
TpTrace Verbose: 0 : 89512, 1, 2025/02/28, 11:13:03.160, 3226614637611, datacollector.dll, MulticastDelegateUtilities.SafeInvoke: DataCollectionEvents.SessionEnd: Invoking callback 1/1 for Microsoft.TestPlatform.Extensions.BlameDataCollector.BlameCollector., took 0 ms.
TpTrace Information: 0 : 89512, 1, 2025/02/28, 11:13:03.161, 3226614645250, datacollector.dll, DataCollectionManager.CleanupPlugins: CleanupPlugins called
TpTrace Verbose: 0 : 89512, 1, 2025/02/28, 11:13:03.161, 3226614645874, datacollector.dll, DataCollectionManager.CleanupPlugins: Cleaning up 1 plugins
TpTrace Verbose: 0 : 89512, 1, 2025/02/28, 11:13:03.161, 3226614646931, datacollector.dll, dataCollectorInfo.DisposeDataCollector: calling Dispose() on Microsoft.TestPlatform.Extensions.BlameDataCollector.BlameCollector
TpTrace Information: 0 : 89512, 1, 2025/02/28, 11:13:03.161, 3226614647709, datacollector.dll, DataCollectionManager.CleanupPlugins: CleanupPlugins finished
TpTrace Information: 0 : 89512, 1, 2025/02/28, 11:13:03.166, 3226614700521, datacollector.dll, DataCollectionRequestHandler.ProcessRequests : Session End message received from server. Closing the connection.
TpTrace Information: 0 : 89512, 1, 2025/02/28, 11:13:03.166, 3226614703447, datacollector.dll, Closing the connection !
TpTrace Information: 0 : 89512, 1, 2025/02/28, 11:13:03.166, 3226614704155, datacollector.dll, DataCollectionRequestHandler.ProcessRequests : DataCollection completed
TpTrace Information: 0 : 89512, 1, 2025/02/28, 11:13:03.167, 3226614704609, datacollector.dll, Program.Main: exiting datacollector process.
